  ut.cpp
C:\Users\Lenovo\Desktop\лаби\АП\lab_6.1(2)\lab_6.1(2)\Source.cpp(9,15): warning C4244: 'argument': conversion from 'time_t' to 'unsigned int', possible loss of data
C:\Users\Lenovo\Desktop\лаби\АП\lab_6.1(2)\ut\ut.cpp(18,12): error C2665: 'Microsoft::VisualStudio::CppUnitTestFramework::Assert::AreEqual': no overloaded function could convert all the argument types
C:\Program Files\Microsoft Visual Studio\2022\Community\VC\Auxiliary\VS\UnitTest\include\CppUnitTestAssert.h(191,15): message : could be 'void Microsoft::VisualStudio::CppUnitTestFramework::Assert::AreEqual(const wchar_t *,const wchar_t *,bool,const wchar_t *,const Microsoft::VisualStudio::CppUnitTestFramework::__LineInfo *)'
C:\Users\Lenovo\Desktop\лаби\АП\lab_6.1(2)\ut\ut.cpp(18,12): message : 'void Microsoft::VisualStudio::CppUnitTestFramework::Assert::AreEqual(const wchar_t *,const wchar_t *,bool,const wchar_t *,const Microsoft::VisualStudio::CppUnitTestFramework::__LineInfo *)': cannot convert argument 1 from 'int' to 'const wchar_t *'
C:\Users\Lenovo\Desktop\лаби\АП\lab_6.1(2)\ut\ut.cpp(18,21): message : Conversion from integral type to pointer type requires reinterpret_cast, C-style cast or parenthesized function-style cast
C:\Program Files\Microsoft Visual Studio\2022\Community\VC\Auxiliary\VS\UnitTest\include\CppUnitTestAssert.h(185,15): message : or       'void Microsoft::VisualStudio::CppUnitTestFramework::Assert::AreEqual(const wchar_t *,const wchar_t *,const wchar_t *,const Microsoft::VisualStudio::CppUnitTestFramework::__LineInfo *)'
C:\Users\Lenovo\Desktop\лаби\АП\lab_6.1(2)\ut\ut.cpp(18,12): message : 'void Microsoft::VisualStudio::CppUnitTestFramework::Assert::AreEqual(const wchar_t *,const wchar_t *,const wchar_t *,const Microsoft::VisualStudio::CppUnitTestFramework::__LineInfo *)': cannot convert argument 1 from 'int' to 'const wchar_t *'
C:\Users\Lenovo\Desktop\лаби\АП\lab_6.1(2)\ut\ut.cpp(18,21): message : Conversion from integral type to pointer type requires reinterpret_cast, C-style cast or parenthesized function-style cast
C:\Program Files\Microsoft Visual Studio\2022\Community\VC\Auxiliary\VS\UnitTest\include\CppUnitTestAssert.h(179,15): message : or       'void Microsoft::VisualStudio::CppUnitTestFramework::Assert::AreEqual(const wchar_t *,const wchar_t *,const char *,const Microsoft::VisualStudio::CppUnitTestFramework::__LineInfo *)'
C:\Users\Lenovo\Desktop\лаби\АП\lab_6.1(2)\ut\ut.cpp(18,12): message : 'void Microsoft::VisualStudio::CppUnitTestFramework::Assert::AreEqual(const wchar_t *,const wchar_t *,const char *,const Microsoft::VisualStudio::CppUnitTestFramework::__LineInfo *)': cannot convert argument 1 from 'int' to 'const wchar_t *'
C:\Users\Lenovo\Desktop\лаби\АП\lab_6.1(2)\ut\ut.cpp(18,21): message : Conversion from integral type to pointer type requires reinterpret_cast, C-style cast or parenthesized function-style cast
C:\Program Files\Microsoft Visual Studio\2022\Community\VC\Auxiliary\VS\UnitTest\include\CppUnitTestAssert.h(172,15): message : or       'void Microsoft::VisualStudio::CppUnitTestFramework::Assert::AreEqual(const char *,const char *,bool,const wchar_t *,const Microsoft::VisualStudio::CppUnitTestFramework::__LineInfo *)'
C:\Users\Lenovo\Desktop\лаби\АП\lab_6.1(2)\ut\ut.cpp(18,12): message : 'void Microsoft::VisualStudio::CppUnitTestFramework::Assert::AreEqual(const char *,const char *,bool,const wchar_t *,const Microsoft::VisualStudio::CppUnitTestFramework::__LineInfo *)': cannot convert argument 1 from 'int' to 'const char *'
C:\Users\Lenovo\Desktop\лаби\АП\lab_6.1(2)\ut\ut.cpp(18,21): message : Conversion from integral type to pointer type requires reinterpret_cast, C-style cast or parenthesized function-style cast
C:\Program Files\Microsoft Visual Studio\2022\Community\VC\Auxiliary\VS\UnitTest\include\CppUnitTestAssert.h(166,15): message : or       'void Microsoft::VisualStudio::CppUnitTestFramework::Assert::AreEqual(const char *,const char *,const wchar_t *,const Microsoft::VisualStudio::CppUnitTestFramework::__LineInfo *)'
C:\Users\Lenovo\Desktop\лаби\АП\lab_6.1(2)\ut\ut.cpp(18,12): message : 'void Microsoft::VisualStudio::CppUnitTestFramework::Assert::AreEqual(const char *,const char *,const wchar_t *,const Microsoft::VisualStudio::CppUnitTestFramework::__LineInfo *)': cannot convert argument 1 from 'int' to 'const char *'
C:\Users\Lenovo\Desktop\лаби\АП\lab_6.1(2)\ut\ut.cpp(18,21): message : Conversion from integral type to pointer type requires reinterpret_cast, C-style cast or parenthesized function-style cast
C:\Program Files\Microsoft Visual Studio\2022\Community\VC\Auxiliary\VS\UnitTest\include\CppUnitTestAssert.h(160,15): message : or       'void Microsoft::VisualStudio::CppUnitTestFramework::Assert::AreEqual(const char *,const char *,const char *,const Microsoft::VisualStudio::CppUnitTestFramework::__LineInfo *)'
C:\Users\Lenovo\Desktop\лаби\АП\lab_6.1(2)\ut\ut.cpp(18,12): message : 'void Microsoft::VisualStudio::CppUnitTestFramework::Assert::AreEqual(const char *,const char *,const char *,const Microsoft::VisualStudio::CppUnitTestFramework::__LineInfo *)': cannot convert argument 1 from 'int' to 'const char *'
C:\Users\Lenovo\Desktop\лаби\АП\lab_6.1(2)\ut\ut.cpp(18,21): message : Conversion from integral type to pointer type requires reinterpret_cast, C-style cast or parenthesized function-style cast
C:\Program Files\Microsoft Visual Studio\2022\Community\VC\Auxiliary\VS\UnitTest\include\CppUnitTestAssert.h(153,15): message : or       'void Microsoft::VisualStudio::CppUnitTestFramework::Assert::AreEqual(float,float,float,const wchar_t *,const Microsoft::VisualStudio::CppUnitTestFramework::__LineInfo *)'
C:\Users\Lenovo\Desktop\лаби\АП\lab_6.1(2)\ut\ut.cpp(18,12): message : 'void Microsoft::VisualStudio::CppUnitTestFramework::Assert::AreEqual(float,float,float,const wchar_t *,const Microsoft::VisualStudio::CppUnitTestFramework::__LineInfo *)': cannot convert argument 2 from 'void' to 'float'
C:\Users\Lenovo\Desktop\лаби\АП\lab_6.1(2)\ut\ut.cpp(18,30): message : Expressions of type void cannot be converted to other types
C:\Program Files\Microsoft Visual Studio\2022\Community\VC\Auxiliary\VS\UnitTest\include\CppUnitTestAssert.h(146,15): message : or       'void Microsoft::VisualStudio::CppUnitTestFramework::Assert::AreEqual(double,double,double,const wchar_t *,const Microsoft::VisualStudio::CppUnitTestFramework::__LineInfo *)'
C:\Users\Lenovo\Desktop\лаби\АП\lab_6.1(2)\ut\ut.cpp(18,12): message : 'void Microsoft::VisualStudio::CppUnitTestFramework::Assert::AreEqual(double,double,double,const wchar_t *,const Microsoft::VisualStudio::CppUnitTestFramework::__LineInfo *)': cannot convert argument 2 from 'void' to 'double'
C:\Users\Lenovo\Desktop\лаби\АП\lab_6.1(2)\ut\ut.cpp(18,30): message : Expressions of type void cannot be converted to other types
C:\Program Files\Microsoft Visual Studio\2022\Community\VC\Auxiliary\VS\UnitTest\include\CppUnitTestAssert.h(139,36): message : or       'void Microsoft::VisualStudio::CppUnitTestFramework::Assert::AreEqual(const T &,const T &,const wchar_t *,const Microsoft::VisualStudio::CppUnitTestFramework::__LineInfo *)'
C:\Users\Lenovo\Desktop\лаби\АП\lab_6.1(2)\ut\ut.cpp(18,12): message : 'void Microsoft::VisualStudio::CppUnitTestFramework::Assert::AreEqual(const T &,const T &,const wchar_t *,const Microsoft::VisualStudio::CppUnitTestFramework::__LineInfo *)': template parameter 'T' is ambiguous
C:\Users\Lenovo\Desktop\лаби\АП\lab_6.1(2)\ut\ut.cpp(18,12): message : could be 'void'
C:\Users\Lenovo\Desktop\лаби\АП\lab_6.1(2)\ut\ut.cpp(18,12): message : or       'int'
C:\Users\Lenovo\Desktop\лаби\АП\lab_6.1(2)\ut\ut.cpp(18,12): message : 'void Microsoft::VisualStudio::CppUnitTestFramework::Assert::AreEqual(const T &,const T &,const wchar_t *,const Microsoft::VisualStudio::CppUnitTestFramework::__LineInfo *)': could not deduce template argument for 'const T &' from 'void'
C:\Users\Lenovo\Desktop\лаби\АП\lab_6.1(2)\ut\ut.cpp(18,12): message : while trying to match the argument list '(int, void, double)'
C:\Users\Lenovo\Desktop\лаби\АП\lab_6.1(2)\ut\ut.cpp(26,12): error C2665: 'Microsoft::VisualStudio::CppUnitTestFramework::Assert::AreEqual': no overloaded function could convert all the argument types
C:\Program Files\Microsoft Visual Studio\2022\Community\VC\Auxiliary\VS\UnitTest\include\CppUnitTestAssert.h(191,15): message : could be 'void Microsoft::VisualStudio::CppUnitTestFramework::Assert::AreEqual(const wchar_t *,const wchar_t *,bool,const wchar_t *,const Microsoft::VisualStudio::CppUnitTestFramework::__LineInfo *)'
C:\Users\Lenovo\Desktop\лаби\АП\lab_6.1(2)\ut\ut.cpp(26,12): message : 'void Microsoft::VisualStudio::CppUnitTestFramework::Assert::AreEqual(const wchar_t *,const wchar_t *,bool,const wchar_t *,const Microsoft::VisualStudio::CppUnitTestFramework::__LineInfo *)': cannot convert argument 1 from 'void (__cdecl *)(int [],int)' to 'const wchar_t *'
C:\Users\Lenovo\Desktop\лаби\АП\lab_6.1(2)\ut\ut.cpp(26,21): message : There is no context in which this conversion is possible
C:\Program Files\Microsoft Visual Studio\2022\Community\VC\Auxiliary\VS\UnitTest\include\CppUnitTestAssert.h(185,15): message : or       'void Microsoft::VisualStudio::CppUnitTestFramework::Assert::AreEqual(const wchar_t *,const wchar_t *,const wchar_t *,const Microsoft::VisualStudio::CppUnitTestFramework::__LineInfo *)'
C:\Users\Lenovo\Desktop\лаби\АП\lab_6.1(2)\ut\ut.cpp(26,12): message : 'void Microsoft::VisualStudio::CppUnitTestFramework::Assert::AreEqual(const wchar_t *,const wchar_t *,const wchar_t *,const Microsoft::VisualStudio::CppUnitTestFramework::__LineInfo *)': cannot convert argument 1 from 'void (__cdecl *)(int [],int)' to 'const wchar_t *'
C:\Users\Lenovo\Desktop\лаби\АП\lab_6.1(2)\ut\ut.cpp(26,21): message : There is no context in which this conversion is possible
C:\Program Files\Microsoft Visual Studio\2022\Community\VC\Auxiliary\VS\UnitTest\include\CppUnitTestAssert.h(179,15): message : or       'void Microsoft::VisualStudio::CppUnitTestFramework::Assert::AreEqual(const wchar_t *,const wchar_t *,const char *,const Microsoft::VisualStudio::CppUnitTestFramework::__LineInfo *)'
C:\Users\Lenovo\Desktop\лаби\АП\lab_6.1(2)\ut\ut.cpp(26,12): message : 'void Microsoft::VisualStudio::CppUnitTestFramework::Assert::AreEqual(const wchar_t *,const wchar_t *,const char *,const Microsoft::VisualStudio::CppUnitTestFramework::__LineInfo *)': cannot convert argument 1 from 'void (__cdecl *)(int [],int)' to 'const wchar_t *'
C:\Users\Lenovo\Desktop\лаби\АП\lab_6.1(2)\ut\ut.cpp(26,21): message : There is no context in which this conversion is possible
C:\Program Files\Microsoft Visual Studio\2022\Community\VC\Auxiliary\VS\UnitTest\include\CppUnitTestAssert.h(172,15): message : or       'void Microsoft::VisualStudio::CppUnitTestFramework::Assert::AreEqual(const char *,const char *,bool,const wchar_t *,const Microsoft::VisualStudio::CppUnitTestFramework::__LineInfo *)'
C:\Users\Lenovo\Desktop\лаби\АП\lab_6.1(2)\ut\ut.cpp(26,12): message : 'void Microsoft::VisualStudio::CppUnitTestFramework::Assert::AreEqual(const char *,const char *,bool,const wchar_t *,const Microsoft::VisualStudio::CppUnitTestFramework::__LineInfo *)': cannot convert argument 1 from 'void (__cdecl *)(int [],int)' to 'const char *'
C:\Users\Lenovo\Desktop\лаби\АП\lab_6.1(2)\ut\ut.cpp(26,21): message : There is no context in which this conversion is possible
C:\Program Files\Microsoft Visual Studio\2022\Community\VC\Auxiliary\VS\UnitTest\include\CppUnitTestAssert.h(166,15): message : or       'void Microsoft::VisualStudio::CppUnitTestFramework::Assert::AreEqual(const char *,const char *,const wchar_t *,const Microsoft::VisualStudio::CppUnitTestFramework::__LineInfo *)'
C:\Users\Lenovo\Desktop\лаби\АП\lab_6.1(2)\ut\ut.cpp(26,12): message : 'void Microsoft::VisualStudio::CppUnitTestFramework::Assert::AreEqual(const char *,const char *,const wchar_t *,const Microsoft::VisualStudio::CppUnitTestFramework::__LineInfo *)': cannot convert argument 1 from 'void (__cdecl *)(int [],int)' to 'const char *'
C:\Users\Lenovo\Desktop\лаби\АП\lab_6.1(2)\ut\ut.cpp(26,21): message : There is no context in which this conversion is possible
C:\Program Files\Microsoft Visual Studio\2022\Community\VC\Auxiliary\VS\UnitTest\include\CppUnitTestAssert.h(160,15): message : or       'void Microsoft::VisualStudio::CppUnitTestFramework::Assert::AreEqual(const char *,const char *,const char *,const Microsoft::VisualStudio::CppUnitTestFramework::__LineInfo *)'
C:\Users\Lenovo\Desktop\лаби\АП\lab_6.1(2)\ut\ut.cpp(26,12): message : 'void Microsoft::VisualStudio::CppUnitTestFramework::Assert::AreEqual(const char *,const char *,const char *,const Microsoft::VisualStudio::CppUnitTestFramework::__LineInfo *)': cannot convert argument 1 from 'void (__cdecl *)(int [],int)' to 'const char *'
C:\Users\Lenovo\Desktop\лаби\АП\lab_6.1(2)\ut\ut.cpp(26,21): message : There is no context in which this conversion is possible
C:\Program Files\Microsoft Visual Studio\2022\Community\VC\Auxiliary\VS\UnitTest\include\CppUnitTestAssert.h(153,15): message : or       'void Microsoft::VisualStudio::CppUnitTestFramework::Assert::AreEqual(float,float,float,const wchar_t *,const Microsoft::VisualStudio::CppUnitTestFramework::__LineInfo *)'
C:\Users\Lenovo\Desktop\лаби\АП\lab_6.1(2)\ut\ut.cpp(26,12): message : 'void Microsoft::VisualStudio::CppUnitTestFramework::Assert::AreEqual(float,float,float,const wchar_t *,const Microsoft::VisualStudio::CppUnitTestFramework::__LineInfo *)': cannot convert argument 1 from 'void (__cdecl *)(int [],int)' to 'float'
C:\Users\Lenovo\Desktop\лаби\АП\lab_6.1(2)\ut\ut.cpp(26,21): message : Context does not allow for disambiguation of overloaded function
C:\Program Files\Microsoft Visual Studio\2022\Community\VC\Auxiliary\VS\UnitTest\include\CppUnitTestAssert.h(146,15): message : or       'void Microsoft::VisualStudio::CppUnitTestFramework::Assert::AreEqual(double,double,double,const wchar_t *,const Microsoft::VisualStudio::CppUnitTestFramework::__LineInfo *)'
C:\Users\Lenovo\Desktop\лаби\АП\lab_6.1(2)\ut\ut.cpp(26,12): message : 'void Microsoft::VisualStudio::CppUnitTestFramework::Assert::AreEqual(double,double,double,const wchar_t *,const Microsoft::VisualStudio::CppUnitTestFramework::__LineInfo *)': cannot convert argument 1 from 'void (__cdecl *)(int [],int)' to 'double'
C:\Users\Lenovo\Desktop\лаби\АП\lab_6.1(2)\ut\ut.cpp(26,21): message : Context does not allow for disambiguation of overloaded function
C:\Program Files\Microsoft Visual Studio\2022\Community\VC\Auxiliary\VS\UnitTest\include\CppUnitTestAssert.h(139,36): message : or       'void Microsoft::VisualStudio::CppUnitTestFramework::Assert::AreEqual(const T &,const T &,const wchar_t *,const Microsoft::VisualStudio::CppUnitTestFramework::__LineInfo *)'
C:\Users\Lenovo\Desktop\лаби\АП\lab_6.1(2)\ut\ut.cpp(26,12): message : 'void Microsoft::VisualStudio::CppUnitTestFramework::Assert::AreEqual(const T &,const T &,const wchar_t *,const Microsoft::VisualStudio::CppUnitTestFramework::__LineInfo *)': template parameter 'T' is ambiguous
C:\Users\Lenovo\Desktop\лаби\АП\lab_6.1(2)\ut\ut.cpp(26,12): message : could be 'int'
C:\Users\Lenovo\Desktop\лаби\АП\lab_6.1(2)\ut\ut.cpp(26,12): message : or       'void (int [],int)'
C:\Users\Lenovo\Desktop\лаби\АП\lab_6.1(2)\ut\ut.cpp(26,12): message : 'void Microsoft::VisualStudio::CppUnitTestFramework::Assert::AreEqual(const T &,const T &,const wchar_t *,const Microsoft::VisualStudio::CppUnitTestFramework::__LineInfo *)': could not deduce template argument for 'const T &' from 'int'
C:\Users\Lenovo\Desktop\лаби\АП\lab_6.1(2)\ut\ut.cpp(26,12): message : while trying to match the argument list '(overloaded-function, int, double)'
